d:\github projects\file-system-simulator\filesystemsimulator\filesystemsimulator\x64\debug\vc143.pdb
d:\github projects\file-system-simulator\filesystemsimulator\filesystemsimulator\x64\debug\vc143.idb
d:\github projects\file-system-simulator\filesystemsimulator\filesystemsimulator\x64\debug\time_utils.obj
d:\github projects\file-system-simulator\filesystemsimulator\filesystemsimulator\x64\debug\sort_utils.obj
d:\github projects\file-system-simulator\filesystemsimulator\filesystemsimulator\x64\debug\quick_sort.obj
d:\github projects\file-system-simulator\filesystemsimulator\filesystemsimulator\x64\debug\recycle_bin.obj
d:\github projects\file-system-simulator\filesystemsimulator\filesystemsimulator\x64\debug\process_command.obj
d:\github projects\file-system-simulator\filesystemsimulator\filesystemsimulator\x64\debug\merge_sort.obj
d:\github projects\file-system-simulator\filesystemsimulator\filesystemsimulator\x64\debug\main.obj
d:\github projects\file-system-simulator\filesystemsimulator\filesystemsimulator\x64\debug\file_system.obj
d:\github projects\file-system-simulator\filesystemsimulator\x64\debug\filesystemsimulator.exe
d:\github projects\file-system-simulator\filesystemsimulator\x64\debug\filesystemsimulator.pdb
d:\github projects\file-system-simulator\filesystemsimulator\filesystemsimulator\x64\debug\filesystemsimulator.ilk
d:\github projects\file-system-simulator\filesystemsimulator\filesystemsimulator\x64\debug\filesyst.a32ae61e.tlog\cl.command.1.tlog
d:\github projects\file-system-simulator\filesystemsimulator\filesystemsimulator\x64\debug\filesyst.a32ae61e.tlog\cl.items.tlog
d:\github projects\file-system-simulator\filesystemsimulator\filesystemsimulator\x64\debug\filesyst.a32ae61e.tlog\cl.read.1.tlog
d:\github projects\file-system-simulator\filesystemsimulator\filesystemsimulator\x64\debug\filesyst.a32ae61e.tlog\cl.write.1.tlog
d:\github projects\file-system-simulator\filesystemsimulator\filesystemsimulator\x64\debug\filesyst.a32ae61e.tlog\link.command.1.tlog
d:\github projects\file-system-simulator\filesystemsimulator\filesystemsimulator\x64\debug\filesyst.a32ae61e.tlog\link.read.1.tlog
d:\github projects\file-system-simulator\filesystemsimulator\filesystemsimulator\x64\debug\filesyst.a32ae61e.tlog\link.secondary.1.tlog
d:\github projects\file-system-simulator\filesystemsimulator\filesystemsimulator\x64\debug\filesyst.a32ae61e.tlog\link.write.1.tlog
